

Microchip MPLAB XC8 Assembler V2.36 build 20220127204148 
                                                                                               Sat Apr 30 14:32:46 2022

Microchip MPLAB XC8 C Compiler v2.36 (Free license) build 20220127204148 Og1 
     1                           	processor	16F18323
     2                           	pagewidth 120
     3                           	opt	flic
     4                           	psect	cinit,global,class=CODE,merge=1,delta=2
     5                           	psect	bssCOMMON,global,class=COMMON,space=1,delta=1,noexec
     6                           	psect	cstackCOMMON,global,class=COMMON,space=1,delta=1,noexec
     7                           	psect	maintext,global,class=CODE,merge=1,split=1,delta=2
     8                           	psect	text1,local,class=CODE,merge=1,delta=2
     9                           	psect	text2,local,class=CODE,merge=1,delta=2
    10                           	psect	text3,local,class=CODE,merge=1,delta=2
    11                           	psect	text4,local,class=CODE,merge=1,delta=2
    12                           	psect	text5,local,class=CODE,merge=1,delta=2
    13                           	psect	text6,local,class=CODE,merge=1,delta=2
    14                           	psect	idloc,global,abs,ovrld,class=IDLOC,space=5,delta=2,noexec
    15                           	psect	config,global,abs,ovrld,class=CONFIG,space=4,delta=2,noexec
    16                           	dabs	1,0x7E,2
    17  0000                     
    18                           ; Version 2.40
    19                           ; Generated 02/12/2021 GMT
    20                           ; 
    21                           ; Copyright © 2021, Microchip Technology Inc. and its subsidiaries ("Microchip")
    22                           ; All rights reserved.
    23                           ; 
    24                           ; This software is developed by Microchip Technology Inc. and its subsidiaries ("Microch
      +                          ip").
    25                           ; 
    26                           ; Redistribution and use in source and binary forms, with or without modification, are
    27                           ; permitted provided that the following conditions are met:
    28                           ; 
    29                           ;     1. Redistributions of source code must retain the above copyright notice, this lis
      +                          t of
    30                           ;        conditions and the following disclaimer.
    31                           ; 
    32                           ;     2. Redistributions in binary form must reproduce the above copyright notice, this 
      +                          list
    33                           ;        of conditions and the following disclaimer in the documentation and/or other
    34                           ;        materials provided with the distribution. Publication is not required when
    35                           ;        this file is used in an embedded application.
    36                           ; 
    37                           ;     3. Microchip's name may not be used to endorse or promote products derived from th
      +                          is
    38                           ;        software without specific prior written permission.
    39                           ; 
    40                           ; THIS SOFTWARE IS PROVIDED BY MICROCHIP "AS IS" AND ANY EXPRESS OR IMPLIED WARRANTIES,
    41                           ; INCLUDING, BUT NOT LIMITED TO, THE IMPLIED WARRANTIES OF MERCHANTABILITY AND FITNESS F
      +                          OR
    42                           ; PURPOSE ARE DISCLAIMED.  IN NO EVENT SHALL MICROCHIP BE LIABLE FOR ANY DIRECT, INDIREC
      +                          T,
    43                           ; INCIDENTAL, SPECIAL, EXEMPLARY, OR CONSEQUENTIAL DAMAGES (INCLUDING BUT NOT LIMITED TO
    44                           ; PROCUREMENT OF SUBSTITUTE GOODS OR SERVICES; LOSS OF USE, DATA OR PROFITS; OR BUSINESS
    45                           ; INTERRUPTION) HOWSOEVER CAUSED AND ON ANY THEORY OF LIABILITY, WHETHER IN CONTRACT, ST
      +                          RICT
    46                           ; LIABILITY, OR TORT (INCLUDING NEGLIGENCE OR OTHERWISE) ARISING IN ANY WAY OUT OF THE U
      +                          SE OF
    47                           ; THIS SOFTWARE, EVEN IF ADVISED OF THE POSSIBILITY OF SUCH DAMAGE.
    48                           ; 
    49                           ; 
    50                           ; Code-generator required, PIC16F18323 Definitions
    51                           ; 
    52                           ; SFR Addresses
    53  0000                     	;# 
    54  0001                     	;# 
    55  0002                     	;# 
    56  0003                     	;# 
    57  0004                     	;# 
    58  0005                     	;# 
    59  0006                     	;# 
    60  0007                     	;# 
    61  0008                     	;# 
    62  0009                     	;# 
    63  000A                     	;# 
    64  000B                     	;# 
    65  000C                     	;# 
    66  000E                     	;# 
    67  0010                     	;# 
    68  0011                     	;# 
    69  0012                     	;# 
    70  0013                     	;# 
    71  0014                     	;# 
    72  0015                     	;# 
    73  0015                     	;# 
    74  0016                     	;# 
    75  0016                     	;# 
    76  0017                     	;# 
    77  0018                     	;# 
    78  0019                     	;# 
    79  0019                     	;# 
    80  001A                     	;# 
    81  001B                     	;# 
    82  001C                     	;# 
    83  001D                     	;# 
    84  001E                     	;# 
    85  001F                     	;# 
    86  008C                     	;# 
    87  008E                     	;# 
    88  0090                     	;# 
    89  0091                     	;# 
    90  0092                     	;# 
    91  0093                     	;# 
    92  0094                     	;# 
    93  0097                     	;# 
    94  009B                     	;# 
    95  009B                     	;# 
    96  009C                     	;# 
    97  009D                     	;# 
    98  009E                     	;# 
    99  009F                     	;# 
   100  010C                     	;# 
   101  010E                     	;# 
   102  0111                     	;# 
   103  0112                     	;# 
   104  0113                     	;# 
   105  0114                     	;# 
   106  0115                     	;# 
   107  0116                     	;# 
   108  0117                     	;# 
   109  0118                     	;# 
   110  0119                     	;# 
   111  018C                     	;# 
   112  018E                     	;# 
   113  0197                     	;# 
   114  0199                     	;# 
   115  0199                     	;# 
   116  0199                     	;# 
   117  019A                     	;# 
   118  019A                     	;# 
   119  019A                     	;# 
   120  019B                     	;# 
   121  019B                     	;# 
   122  019B                     	;# 
   123  019B                     	;# 
   124  019B                     	;# 
   125  019C                     	;# 
   126  019C                     	;# 
   127  019C                     	;# 
   128  019D                     	;# 
   129  019D                     	;# 
   130  019D                     	;# 
   131  019E                     	;# 
   132  019E                     	;# 
   133  019E                     	;# 
   134  019F                     	;# 
   135  019F                     	;# 
   136  019F                     	;# 
   137  019F                     	;# 
   138  019F                     	;# 
   139  020C                     	;# 
   140  020E                     	;# 
   141  0211                     	;# 
   142  0211                     	;# 
   143  0212                     	;# 
   144  0212                     	;# 
   145  0213                     	;# 
   146  0213                     	;# 
   147  0214                     	;# 
   148  0214                     	;# 
   149  0215                     	;# 
   150  0215                     	;# 
   151  0215                     	;# 
   152  0215                     	;# 
   153  0216                     	;# 
   154  0216                     	;# 
   155  0217                     	;# 
   156  0217                     	;# 
   157  028C                     	;# 
   158  028E                     	;# 
   159  0291                     	;# 
   160  0291                     	;# 
   161  0292                     	;# 
   162  0293                     	;# 
   163  0294                     	;# 
   164  0295                     	;# 
   165  0295                     	;# 
   166  0296                     	;# 
   167  0297                     	;# 
   168  0298                     	;# 
   169  030C                     	;# 
   170  030E                     	;# 
   171  038C                     	;# 
   172  038E                     	;# 
   173  0391                     	;# 
   174  0392                     	;# 
   175  0393                     	;# 
   176  0397                     	;# 
   177  0398                     	;# 
   178  0399                     	;# 
   179  039A                     	;# 
   180  039C                     	;# 
   181  039D                     	;# 
   182  039E                     	;# 
   183  039F                     	;# 
   184  0498                     	;# 
   185  0498                     	;# 
   186  0499                     	;# 
   187  049A                     	;# 
   188  049B                     	;# 
   189  049B                     	;# 
   190  049C                     	;# 
   191  049D                     	;# 
   192  049E                     	;# 
   193  049F                     	;# 
   194  0617                     	;# 
   195  0618                     	;# 
   196  0619                     	;# 
   197  0619                     	;# 
   198  061A                     	;# 
   199  061B                     	;# 
   200  061C                     	;# 
   201  061C                     	;# 
   202  0691                     	;# 
   203  0692                     	;# 
   204  0693                     	;# 
   205  0694                     	;# 
   206  0695                     	;# 
   207  0696                     	;# 
   208  0697                     	;# 
   209  0698                     	;# 
   210  0699                     	;# 
   211  0891                     	;# 
   212  0891                     	;# 
   213  0891                     	;# 
   214  0891                     	;# 
   215  0891                     	;# 
   216  0891                     	;# 
   217  0892                     	;# 
   218  0892                     	;# 
   219  0892                     	;# 
   220  0893                     	;# 
   221  0893                     	;# 
   222  0893                     	;# 
   223  0893                     	;# 
   224  0893                     	;# 
   225  0893                     	;# 
   226  0894                     	;# 
   227  0894                     	;# 
   228  0894                     	;# 
   229  0895                     	;# 
   230  0895                     	;# 
   231  0895                     	;# 
   232  0896                     	;# 
   233  0896                     	;# 
   234  0896                     	;# 
   235  089B                     	;# 
   236  0911                     	;# 
   237  0912                     	;# 
   238  0913                     	;# 
   239  0914                     	;# 
   240  0915                     	;# 
   241  0916                     	;# 
   242  0918                     	;# 
   243  0919                     	;# 
   244  091A                     	;# 
   245  091B                     	;# 
   246  091C                     	;# 
   247  091D                     	;# 
   248  091E                     	;# 
   249  091F                     	;# 
   250  0E0F                     	;# 
   251  0E10                     	;# 
   252  0E11                     	;# 
   253  0E12                     	;# 
   254  0E13                     	;# 
   255  0E14                     	;# 
   256  0E15                     	;# 
   257  0E18                     	;# 
   258  0E1A                     	;# 
   259  0E1B                     	;# 
   260  0E1C                     	;# 
   261  0E20                     	;# 
   262  0E21                     	;# 
   263  0E22                     	;# 
   264  0E24                     	;# 
   265  0E25                     	;# 
   266  0E28                     	;# 
   267  0E29                     	;# 
   268  0E2A                     	;# 
   269  0E2B                     	;# 
   270  0E90                     	;# 
   271  0E91                     	;# 
   272  0E92                     	;# 
   273  0E94                     	;# 
   274  0E95                     	;# 
   275  0EA0                     	;# 
   276  0EA1                     	;# 
   277  0EA2                     	;# 
   278  0EA3                     	;# 
   279  0EA4                     	;# 
   280  0EA5                     	;# 
   281  0F0F                     	;# 
   282  0F10                     	;# 
   283  0F11                     	;# 
   284  0F12                     	;# 
   285  0F13                     	;# 
   286  0F14                     	;# 
   287  0F15                     	;# 
   288  0F16                     	;# 
   289  0F17                     	;# 
   290  0F18                     	;# 
   291  0F19                     	;# 
   292  0F1A                     	;# 
   293  0F1B                     	;# 
   294  0F1C                     	;# 
   295  0F1D                     	;# 
   296  0F1E                     	;# 
   297  0F1F                     	;# 
   298  0F20                     	;# 
   299  0F21                     	;# 
   300  0F22                     	;# 
   301  0F23                     	;# 
   302  0FE4                     	;# 
   303  0FE5                     	;# 
   304  0FE6                     	;# 
   305  0FE7                     	;# 
   306  0FE8                     	;# 
   307  0FE9                     	;# 
   308  0FEA                     	;# 
   309  0FEB                     	;# 
   310  0FED                     	;# 
   311  0FEE                     	;# 
   312  0FEF                     	;# 
   313  0000                     	;# 
   314  0001                     	;# 
   315  0002                     	;# 
   316  0003                     	;# 
   317  0004                     	;# 
   318  0005                     	;# 
   319  0006                     	;# 
   320  0007                     	;# 
   321  0008                     	;# 
   322  0009                     	;# 
   323  000A                     	;# 
   324  000B                     	;# 
   325  000C                     	;# 
   326  000E                     	;# 
   327  0010                     	;# 
   328  0011                     	;# 
   329  0012                     	;# 
   330  0013                     	;# 
   331  0014                     	;# 
   332  0015                     	;# 
   333  0015                     	;# 
   334  0016                     	;# 
   335  0016                     	;# 
   336  0017                     	;# 
   337  0018                     	;# 
   338  0019                     	;# 
   339  0019                     	;# 
   340  001A                     	;# 
   341  001B                     	;# 
   342  001C                     	;# 
   343  001D                     	;# 
   344  001E                     	;# 
   345  001F                     	;# 
   346  008C                     	;# 
   347  008E                     	;# 
   348  0090                     	;# 
   349  0091                     	;# 
   350  0092                     	;# 
   351  0093                     	;# 
   352  0094                     	;# 
   353  0097                     	;# 
   354  009B                     	;# 
   355  009B                     	;# 
   356  009C                     	;# 
   357  009D                     	;# 
   358  009E                     	;# 
   359  009F                     	;# 
   360  010C                     	;# 
   361  010E                     	;# 
   362  0111                     	;# 
   363  0112                     	;# 
   364  0113                     	;# 
   365  0114                     	;# 
   366  0115                     	;# 
   367  0116                     	;# 
   368  0117                     	;# 
   369  0118                     	;# 
   370  0119                     	;# 
   371  018C                     	;# 
   372  018E                     	;# 
   373  0197                     	;# 
   374  0199                     	;# 
   375  0199                     	;# 
   376  0199                     	;# 
   377  019A                     	;# 
   378  019A                     	;# 
   379  019A                     	;# 
   380  019B                     	;# 
   381  019B                     	;# 
   382  019B                     	;# 
   383  019B                     	;# 
   384  019B                     	;# 
   385  019C                     	;# 
   386  019C                     	;# 
   387  019C                     	;# 
   388  019D                     	;# 
   389  019D                     	;# 
   390  019D                     	;# 
   391  019E                     	;# 
   392  019E                     	;# 
   393  019E                     	;# 
   394  019F                     	;# 
   395  019F                     	;# 
   396  019F                     	;# 
   397  019F                     	;# 
   398  019F                     	;# 
   399  020C                     	;# 
   400  020E                     	;# 
   401  0211                     	;# 
   402  0211                     	;# 
   403  0212                     	;# 
   404  0212                     	;# 
   405  0213                     	;# 
   406  0213                     	;# 
   407  0214                     	;# 
   408  0214                     	;# 
   409  0215                     	;# 
   410  0215                     	;# 
   411  0215                     	;# 
   412  0215                     	;# 
   413  0216                     	;# 
   414  0216                     	;# 
   415  0217                     	;# 
   416  0217                     	;# 
   417  028C                     	;# 
   418  028E                     	;# 
   419  0291                     	;# 
   420  0291                     	;# 
   421  0292                     	;# 
   422  0293                     	;# 
   423  0294                     	;# 
   424  0295                     	;# 
   425  0295                     	;# 
   426  0296                     	;# 
   427  0297                     	;# 
   428  0298                     	;# 
   429  030C                     	;# 
   430  030E                     	;# 
   431  038C                     	;# 
   432  038E                     	;# 
   433  0391                     	;# 
   434  0392                     	;# 
   435  0393                     	;# 
   436  0397                     	;# 
   437  0398                     	;# 
   438  0399                     	;# 
   439  039A                     	;# 
   440  039C                     	;# 
   441  039D                     	;# 
   442  039E                     	;# 
   443  039F                     	;# 
   444  0498                     	;# 
   445  0498                     	;# 
   446  0499                     	;# 
   447  049A                     	;# 
   448  049B                     	;# 
   449  049B                     	;# 
   450  049C                     	;# 
   451  049D                     	;# 
   452  049E                     	;# 
   453  049F                     	;# 
   454  0617                     	;# 
   455  0618                     	;# 
   456  0619                     	;# 
   457  0619                     	;# 
   458  061A                     	;# 
   459  061B                     	;# 
   460  061C                     	;# 
   461  061C                     	;# 
   462  0691                     	;# 
   463  0692                     	;# 
   464  0693                     	;# 
   465  0694                     	;# 
   466  0695                     	;# 
   467  0696                     	;# 
   468  0697                     	;# 
   469  0698                     	;# 
   470  0699                     	;# 
   471  0891                     	;# 
   472  0891                     	;# 
   473  0891                     	;# 
   474  0891                     	;# 
   475  0891                     	;# 
   476  0891                     	;# 
   477  0892                     	;# 
   478  0892                     	;# 
   479  0892                     	;# 
   480  0893                     	;# 
   481  0893                     	;# 
   482  0893                     	;# 
   483  0893                     	;# 
   484  0893                     	;# 
   485  0893                     	;# 
   486  0894                     	;# 
   487  0894                     	;# 
   488  0894                     	;# 
   489  0895                     	;# 
   490  0895                     	;# 
   491  0895                     	;# 
   492  0896                     	;# 
   493  0896                     	;# 
   494  0896                     	;# 
   495  089B                     	;# 
   496  0911                     	;# 
   497  0912                     	;# 
   498  0913                     	;# 
   499  0914                     	;# 
   500  0915                     	;# 
   501  0916                     	;# 
   502  0918                     	;# 
   503  0919                     	;# 
   504  091A                     	;# 
   505  091B                     	;# 
   506  091C                     	;# 
   507  091D                     	;# 
   508  091E                     	;# 
   509  091F                     	;# 
   510  0E0F                     	;# 
   511  0E10                     	;# 
   512  0E11                     	;# 
   513  0E12                     	;# 
   514  0E13                     	;# 
   515  0E14                     	;# 
   516  0E15                     	;# 
   517  0E18                     	;# 
   518  0E1A                     	;# 
   519  0E1B                     	;# 
   520  0E1C                     	;# 
   521  0E20                     	;# 
   522  0E21                     	;# 
   523  0E22                     	;# 
   524  0E24                     	;# 
   525  0E25                     	;# 
   526  0E28                     	;# 
   527  0E29                     	;# 
   528  0E2A                     	;# 
   529  0E2B                     	;# 
   530  0E90                     	;# 
   531  0E91                     	;# 
   532  0E92                     	;# 
   533  0E94                     	;# 
   534  0E95                     	;# 
   535  0EA0                     	;# 
   536  0EA1                     	;# 
   537  0EA2                     	;# 
   538  0EA3                     	;# 
   539  0EA4                     	;# 
   540  0EA5                     	;# 
   541  0F0F                     	;# 
   542  0F10                     	;# 
   543  0F11                     	;# 
   544  0F12                     	;# 
   545  0F13                     	;# 
   546  0F14                     	;# 
   547  0F15                     	;# 
   548  0F16                     	;# 
   549  0F17                     	;# 
   550  0F18                     	;# 
   551  0F19                     	;# 
   552  0F1A                     	;# 
   553  0F1B                     	;# 
   554  0F1C                     	;# 
   555  0F1D                     	;# 
   556  0F1E                     	;# 
   557  0F1F                     	;# 
   558  0F20                     	;# 
   559  0F21                     	;# 
   560  0F22                     	;# 
   561  0F23                     	;# 
   562  0FE4                     	;# 
   563  0FE5                     	;# 
   564  0FE6                     	;# 
   565  0FE7                     	;# 
   566  0FE8                     	;# 
   567  0FE9                     	;# 
   568  0FEA                     	;# 
   569  0FEB                     	;# 
   570  0FED                     	;# 
   571  0FEE                     	;# 
   572  0FEF                     	;# 
   573  0000                     	;# 
   574  0001                     	;# 
   575  0002                     	;# 
   576  0003                     	;# 
   577  0004                     	;# 
   578  0005                     	;# 
   579  0006                     	;# 
   580  0007                     	;# 
   581  0008                     	;# 
   582  0009                     	;# 
   583  000A                     	;# 
   584  000B                     	;# 
   585  000C                     	;# 
   586  000E                     	;# 
   587  0010                     	;# 
   588  0011                     	;# 
   589  0012                     	;# 
   590  0013                     	;# 
   591  0014                     	;# 
   592  0015                     	;# 
   593  0015                     	;# 
   594  0016                     	;# 
   595  0016                     	;# 
   596  0017                     	;# 
   597  0018                     	;# 
   598  0019                     	;# 
   599  0019                     	;# 
   600  001A                     	;# 
   601  001B                     	;# 
   602  001C                     	;# 
   603  001D                     	;# 
   604  001E                     	;# 
   605  001F                     	;# 
   606  008C                     	;# 
   607  008E                     	;# 
   608  0090                     	;# 
   609  0091                     	;# 
   610  0092                     	;# 
   611  0093                     	;# 
   612  0094                     	;# 
   613  0097                     	;# 
   614  009B                     	;# 
   615  009B                     	;# 
   616  009C                     	;# 
   617  009D                     	;# 
   618  009E                     	;# 
   619  009F                     	;# 
   620  010C                     	;# 
   621  010E                     	;# 
   622  0111                     	;# 
   623  0112                     	;# 
   624  0113                     	;# 
   625  0114                     	;# 
   626  0115                     	;# 
   627  0116                     	;# 
   628  0117                     	;# 
   629  0118                     	;# 
   630  0119                     	;# 
   631  018C                     	;# 
   632  018E                     	;# 
   633  0197                     	;# 
   634  0199                     	;# 
   635  0199                     	;# 
   636  0199                     	;# 
   637  019A                     	;# 
   638  019A                     	;# 
   639  019A                     	;# 
   640  019B                     	;# 
   641  019B                     	;# 
   642  019B                     	;# 
   643  019B                     	;# 
   644  019B                     	;# 
   645  019C                     	;# 
   646  019C                     	;# 
   647  019C                     	;# 
   648  019D                     	;# 
   649  019D                     	;# 
   650  019D                     	;# 
   651  019E                     	;# 
   652  019E                     	;# 
   653  019E                     	;# 
   654  019F                     	;# 
   655  019F                     	;# 
   656  019F                     	;# 
   657  019F                     	;# 
   658  019F                     	;# 
   659  020C                     	;# 
   660  020E                     	;# 
   661  0211                     	;# 
   662  0211                     	;# 
   663  0212                     	;# 
   664  0212                     	;# 
   665  0213                     	;# 
   666  0213                     	;# 
   667  0214                     	;# 
   668  0214                     	;# 
   669  0215                     	;# 
   670  0215                     	;# 
   671  0215                     	;# 
   672  0215                     	;# 
   673  0216                     	;# 
   674  0216                     	;# 
   675  0217                     	;# 
   676  0217                     	;# 
   677  028C                     	;# 
   678  028E                     	;# 
   679  0291                     	;# 
   680  0291                     	;# 
   681  0292                     	;# 
   682  0293                     	;# 
   683  0294                     	;# 
   684  0295                     	;# 
   685  0295                     	;# 
   686  0296                     	;# 
   687  0297                     	;# 
   688  0298                     	;# 
   689  030C                     	;# 
   690  030E                     	;# 
   691  038C                     	;# 
   692  038E                     	;# 
   693  0391                     	;# 
   694  0392                     	;# 
   695  0393                     	;# 
   696  0397                     	;# 
   697  0398                     	;# 
   698  0399                     	;# 
   699  039A                     	;# 
   700  039C                     	;# 
   701  039D                     	;# 
   702  039E                     	;# 
   703  039F                     	;# 
   704  0498                     	;# 
   705  0498                     	;# 
   706  0499                     	;# 
   707  049A                     	;# 
   708  049B                     	;# 
   709  049B                     	;# 
   710  049C                     	;# 
   711  049D                     	;# 
   712  049E                     	;# 
   713  049F                     	;# 
   714  0617                     	;# 
   715  0618                     	;# 
   716  0619                     	;# 
   717  0619                     	;# 
   718  061A                     	;# 
   719  061B                     	;# 
   720  061C                     	;# 
   721  061C                     	;# 
   722  0691                     	;# 
   723  0692                     	;# 
   724  0693                     	;# 
   725  0694                     	;# 
   726  0695                     	;# 
   727  0696                     	;# 
   728  0697                     	;# 
   729  0698                     	;# 
   730  0699                     	;# 
   731  0891                     	;# 
   732  0891                     	;# 
   733  0891                     	;# 
   734  0891                     	;# 
   735  0891                     	;# 
   736  0891                     	;# 
   737  0892                     	;# 
   738  0892                     	;# 
   739  0892                     	;# 
   740  0893                     	;# 
   741  0893                     	;# 
   742  0893                     	;# 
   743  0893                     	;# 
   744  0893                     	;# 
   745  0893                     	;# 
   746  0894                     	;# 
   747  0894                     	;# 
   748  0894                     	;# 
   749  0895                     	;# 
   750  0895                     	;# 
   751  0895                     	;# 
   752  0896                     	;# 
   753  0896                     	;# 
   754  0896                     	;# 
   755  089B                     	;# 
   756  0911                     	;# 
   757  0912                     	;# 
   758  0913                     	;# 
   759  0914                     	;# 
   760  0915                     	;# 
   761  0916                     	;# 
   762  0918                     	;# 
   763  0919                     	;# 
   764  091A                     	;# 
   765  091B                     	;# 
   766  091C                     	;# 
   767  091D                     	;# 
   768  091E                     	;# 
   769  091F                     	;# 
   770  0E0F                     	;# 
   771  0E10                     	;# 
   772  0E11                     	;# 
   773  0E12                     	;# 
   774  0E13                     	;# 
   775  0E14                     	;# 
   776  0E15                     	;# 
   777  0E18                     	;# 
   778  0E1A                     	;# 
   779  0E1B                     	;# 
   780  0E1C                     	;# 
   781  0E20                     	;# 
   782  0E21                     	;# 
   783  0E22                     	;# 
   784  0E24                     	;# 
   785  0E25                     	;# 
   786  0E28                     	;# 
   787  0E29                     	;# 
   788  0E2A                     	;# 
   789  0E2B                     	;# 
   790  0E90                     	;# 
   791  0E91                     	;# 
   792  0E92                     	;# 
   793  0E94                     	;# 
   794  0E95                     	;# 
   795  0EA0                     	;# 
   796  0EA1                     	;# 
   797  0EA2                     	;# 
   798  0EA3                     	;# 
   799  0EA4                     	;# 
   800  0EA5                     	;# 
   801  0F0F                     	;# 
   802  0F10                     	;# 
   803  0F11                     	;# 
   804  0F12                     	;# 
   805  0F13                     	;# 
   806  0F14                     	;# 
   807  0F15                     	;# 
   808  0F16                     	;# 
   809  0F17                     	;# 
   810  0F18                     	;# 
   811  0F19                     	;# 
   812  0F1A                     	;# 
   813  0F1B                     	;# 
   814  0F1C                     	;# 
   815  0F1D                     	;# 
   816  0F1E                     	;# 
   817  0F1F                     	;# 
   818  0F20                     	;# 
   819  0F21                     	;# 
   820  0F22                     	;# 
   821  0F23                     	;# 
   822  0FE4                     	;# 
   823  0FE5                     	;# 
   824  0FE6                     	;# 
   825  0FE7                     	;# 
   826  0FE8                     	;# 
   827  0FE9                     	;# 
   828  0FEA                     	;# 
   829  0FEB                     	;# 
   830  0FED                     	;# 
   831  0FEE                     	;# 
   832  0FEF                     	;# 
   833  0000                     	;# 
   834  0001                     	;# 
   835  0002                     	;# 
   836  0003                     	;# 
   837  0004                     	;# 
   838  0005                     	;# 
   839  0006                     	;# 
   840  0007                     	;# 
   841  0008                     	;# 
   842  0009                     	;# 
   843  000A                     	;# 
   844  000B                     	;# 
   845  000C                     	;# 
   846  000E                     	;# 
   847  0010                     	;# 
   848  0011                     	;# 
   849  0012                     	;# 
   850  0013                     	;# 
   851  0014                     	;# 
   852  0015                     	;# 
   853  0015                     	;# 
   854  0016                     	;# 
   855  0016                     	;# 
   856  0017                     	;# 
   857  0018                     	;# 
   858  0019                     	;# 
   859  0019                     	;# 
   860  001A                     	;# 
   861  001B                     	;# 
   862  001C                     	;# 
   863  001D                     	;# 
   864  001E                     	;# 
   865  001F                     	;# 
   866  008C                     	;# 
   867  008E                     	;# 
   868  0090                     	;# 
   869  0091                     	;# 
   870  0092                     	;# 
   871  0093                     	;# 
   872  0094                     	;# 
   873  0097                     	;# 
   874  009B                     	;# 
   875  009B                     	;# 
   876  009C                     	;# 
   877  009D                     	;# 
   878  009E                     	;# 
   879  009F                     	;# 
   880  010C                     	;# 
   881  010E                     	;# 
   882  0111                     	;# 
   883  0112                     	;# 
   884  0113                     	;# 
   885  0114                     	;# 
   886  0115                     	;# 
   887  0116                     	;# 
   888  0117                     	;# 
   889  0118                     	;# 
   890  0119                     	;# 
   891  018C                     	;# 
   892  018E                     	;# 
   893  0197                     	;# 
   894  0199                     	;# 
   895  0199                     	;# 
   896  0199                     	;# 
   897  019A                     	;# 
   898  019A                     	;# 
   899  019A                     	;# 
   900  019B                     	;# 
   901  019B                     	;# 
   902  019B                     	;# 
   903  019B                     	;# 
   904  019B                     	;# 
   905  019C                     	;# 
   906  019C                     	;# 
   907  019C                     	;# 
   908  019D                     	;# 
   909  019D                     	;# 
   910  019D                     	;# 
   911  019E                     	;# 
   912  019E                     	;# 
   913  019E                     	;# 
   914  019F                     	;# 
   915  019F                     	;# 
   916  019F                     	;# 
   917  019F                     	;# 
   918  019F                     	;# 
   919  020C                     	;# 
   920  020E                     	;# 
   921  0211                     	;# 
   922  0211                     	;# 
   923  0212                     	;# 
   924  0212                     	;# 
   925  0213                     	;# 
   926  0213                     	;# 
   927  0214                     	;# 
   928  0214                     	;# 
   929  0215                     	;# 
   930  0215                     	;# 
   931  0215                     	;# 
   932  0215                     	;# 
   933  0216                     	;# 
   934  0216                     	;# 
   935  0217                     	;# 
   936  0217                     	;# 
   937  028C                     	;# 
   938  028E                     	;# 
   939  0291                     	;# 
   940  0291                     	;# 
   941  0292                     	;# 
   942  0293                     	;# 
   943  0294                     	;# 
   944  0295                     	;# 
   945  0295                     	;# 
   946  0296                     	;# 
   947  0297                     	;# 
   948  0298                     	;# 
   949  030C                     	;# 
   950  030E                     	;# 
   951  038C                     	;# 
   952  038E                     	;# 
   953  0391                     	;# 
   954  0392                     	;# 
   955  0393                     	;# 
   956  0397                     	;# 
   957  0398                     	;# 
   958  0399                     	;# 
   959  039A                     	;# 
   960  039C                     	;# 
   961  039D                     	;# 
   962  039E                     	;# 
   963  039F                     	;# 
   964  0498                     	;# 
   965  0498                     	;# 
   966  0499                     	;# 
   967  049A                     	;# 
   968  049B                     	;# 
   969  049B                     	;# 
   970  049C                     	;# 
   971  049D                     	;# 
   972  049E                     	;# 
   973  049F                     	;# 
   974  0617                     	;# 
   975  0618                     	;# 
   976  0619                     	;# 
   977  0619                     	;# 
   978  061A                     	;# 
   979  061B                     	;# 
   980  061C                     	;# 
   981  061C                     	;# 
   982  0691                     	;# 
   983  0692                     	;# 
   984  0693                     	;# 
   985  0694                     	;# 
   986  0695                     	;# 
   987  0696                     	;# 
   988  0697                     	;# 
   989  0698                     	;# 
   990  0699                     	;# 
   991  0891                     	;# 
   992  0891                     	;# 
   993  0891                     	;# 
   994  0891                     	;# 
   995  0891                     	;# 
   996  0891                     	;# 
   997  0892                     	;# 
   998  0892                     	;# 
   999  0892                     	;# 
  1000  0893                     	;# 
  1001  0893                     	;# 
  1002  0893                     	;# 
  1003  0893                     	;# 
  1004  0893                     	;# 
  1005  0893                     	;# 
  1006  0894                     	;# 
  1007  0894                     	;# 
  1008  0894                     	;# 
  1009  0895                     	;# 
  1010  0895                     	;# 
  1011  0895                     	;# 
  1012  0896                     	;# 
  1013  0896                     	;# 
  1014  0896                     	;# 
  1015  089B                     	;# 
  1016  0911                     	;# 
  1017  0912                     	;# 
  1018  0913                     	;# 
  1019  0914                     	;# 
  1020  0915                     	;# 
  1021  0916                     	;# 
  1022  0918                     	;# 
  1023  0919                     	;# 
  1024  091A                     	;# 
  1025  091B                     	;# 
  1026  091C                     	;# 
  1027  091D                     	;# 
  1028  091E                     	;# 
  1029  091F                     	;# 
  1030  0E0F                     	;# 
  1031  0E10                     	;# 
  1032  0E11                     	;# 
  1033  0E12                     	;# 
  1034  0E13                     	;# 
  1035  0E14                     	;# 
  1036  0E15                     	;# 
  1037  0E18                     	;# 
  1038  0E1A                     	;# 
  1039  0E1B                     	;# 
  1040  0E1C                     	;# 
  1041  0E20                     	;# 
  1042  0E21                     	;# 
  1043  0E22                     	;# 
  1044  0E24                     	;# 
  1045  0E25                     	;# 
  1046  0E28                     	;# 
  1047  0E29                     	;# 
  1048  0E2A                     	;# 
  1049  0E2B                     	;# 
  1050  0E90                     	;# 
  1051  0E91                     	;# 
  1052  0E92                     	;# 
  1053  0E94                     	;# 
  1054  0E95                     	;# 
  1055  0EA0                     	;# 
  1056  0EA1                     	;# 
  1057  0EA2                     	;# 
  1058  0EA3                     	;# 
  1059  0EA4                     	;# 
  1060  0EA5                     	;# 
  1061  0F0F                     	;# 
  1062  0F10                     	;# 
  1063  0F11                     	;# 
  1064  0F12                     	;# 
  1065  0F13                     	;# 
  1066  0F14                     	;# 
  1067  0F15                     	;# 
  1068  0F16                     	;# 
  1069  0F17                     	;# 
  1070  0F18                     	;# 
  1071  0F19                     	;# 
  1072  0F1A                     	;# 
  1073  0F1B                     	;# 
  1074  0F1C                     	;# 
  1075  0F1D                     	;# 
  1076  0F1E                     	;# 
  1077  0F1F                     	;# 
  1078  0F20                     	;# 
  1079  0F21                     	;# 
  1080  0F22                     	;# 
  1081  0F23                     	;# 
  1082  0FE4                     	;# 
  1083  0FE5                     	;# 
  1084  0FE6                     	;# 
  1085  0FE7                     	;# 
  1086  0FE8                     	;# 
  1087  0FE9                     	;# 
  1088  0FEA                     	;# 
  1089  0FEB                     	;# 
  1090  0FED                     	;# 
  1091  0FEE                     	;# 
  1092  0FEF                     	;# 
  1093  0000                     	;# 
  1094  0001                     	;# 
  1095  0002                     	;# 
  1096  0003                     	;# 
  1097  0004                     	;# 
  1098  0005                     	;# 
  1099  0006                     	;# 
  1100  0007                     	;# 
  1101  0008                     	;# 
  1102  0009                     	;# 
  1103  000A                     	;# 
  1104  000B                     	;# 
  1105  000C                     	;# 
  1106  000E                     	;# 
  1107  0010                     	;# 
  1108  0011                     	;# 
  1109  0012                     	;# 
  1110  0013                     	;# 
  1111  0014                     	;# 
  1112  0015                     	;# 
  1113  0015                     	;# 
  1114  0016                     	;# 
  1115  0016                     	;# 
  1116  0017                     	;# 
  1117  0018                     	;# 
  1118  0019                     	;# 
  1119  0019                     	;# 
  1120  001A                     	;# 
  1121  001B                     	;# 
  1122  001C                     	;# 
  1123  001D                     	;# 
  1124  001E                     	;# 
  1125  001F                     	;# 
  1126  008C                     	;# 
  1127  008E                     	;# 
  1128  0090                     	;# 
  1129  0091                     	;# 
  1130  0092                     	;# 
  1131  0093                     	;# 
  1132  0094                     	;# 
  1133  0097                     	;# 
  1134  009B                     	;# 
  1135  009B                     	;# 
  1136  009C                     	;# 
  1137  009D                     	;# 
  1138  009E                     	;# 
  1139  009F                     	;# 
  1140  010C                     	;# 
  1141  010E                     	;# 
  1142  0111                     	;# 
  1143  0112                     	;# 
  1144  0113                     	;# 
  1145  0114                     	;# 
  1146  0115                     	;# 
  1147  0116                     	;# 
  1148  0117                     	;# 
  1149  0118                     	;# 
  1150  0119                     	;# 
  1151  018C                     	;# 
  1152  018E                     	;# 
  1153  0197                     	;# 
  1154  0199                     	;# 
  1155  0199                     	;# 
  1156  0199                     	;# 
  1157  019A                     	;# 
  1158  019A                     	;# 
  1159  019A                     	;# 
  1160  019B                     	;# 
  1161  019B                     	;# 
  1162  019B                     	;# 
  1163  019B                     	;# 
  1164  019B                     	;# 
  1165  019C                     	;# 
  1166  019C                     	;# 
  1167  019C                     	;# 
  1168  019D                     	;# 
  1169  019D                     	;# 
  1170  019D                     	;# 
  1171  019E                     	;# 
  1172  019E                     	;# 
  1173  019E                     	;# 
  1174  019F                     	;# 
  1175  019F                     	;# 
  1176  019F                     	;# 
  1177  019F                     	;# 
  1178  019F                     	;# 
  1179  020C                     	;# 
  1180  020E                     	;# 
  1181  0211                     	;# 
  1182  0211                     	;# 
  1183  0212                     	;# 
  1184  0212                     	;# 
  1185  0213                     	;# 
  1186  0213                     	;# 
  1187  0214                     	;# 
  1188  0214                     	;# 
  1189  0215                     	;# 
  1190  0215                     	;# 
  1191  0215                     	;# 
  1192  0215                     	;# 
  1193  0216                     	;# 
  1194  0216                     	;# 
  1195  0217                     	;# 
  1196  0217                     	;# 
  1197  028C                     	;# 
  1198  028E                     	;# 
  1199  0291                     	;# 
  1200  0291                     	;# 
  1201  0292                     	;# 
  1202  0293                     	;# 
  1203  0294                     	;# 
  1204  0295                     	;# 
  1205  0295                     	;# 
  1206  0296                     	;# 
  1207  0297                     	;# 
  1208  0298                     	;# 
  1209  030C                     	;# 
  1210  030E                     	;# 
  1211  038C                     	;# 
  1212  038E                     	;# 
  1213  0391                     	;# 
  1214  0392                     	;# 
  1215  0393                     	;# 
  1216  0397                     	;# 
  1217  0398                     	;# 
  1218  0399                     	;# 
  1219  039A                     	;# 
  1220  039C                     	;# 
  1221  039D                     	;# 
  1222  039E                     	;# 
  1223  039F                     	;# 
  1224  0498                     	;# 
  1225  0498                     	;# 
  1226  0499                     	;# 
  1227  049A                     	;# 
  1228  049B                     	;# 
  1229  049B                     	;# 
  1230  049C                     	;# 
  1231  049D                     	;# 
  1232  049E                     	;# 
  1233  049F                     	;# 
  1234  0617                     	;# 
  1235  0618                     	;# 
  1236  0619                     	;# 
  1237  0619                     	;# 
  1238  061A                     	;# 
  1239  061B                     	;# 
  1240  061C                     	;# 
  1241  061C                     	;# 
  1242  0691                     	;# 
  1243  0692                     	;# 
  1244  0693                     	;# 
  1245  0694                     	;# 
  1246  0695                     	;# 
  1247  0696                     	;# 
  1248  0697                     	;# 
  1249  0698                     	;# 
  1250  0699                     	;# 
  1251  0891                     	;# 
  1252  0891                     	;# 
  1253  0891                     	;# 
  1254  0891                     	;# 
  1255  0891                     	;# 
  1256  0891                     	;# 
  1257  0892                     	;# 
  1258  0892                     	;# 
  1259  0892                     	;# 
  1260  0893                     	;# 
  1261  0893                     	;# 
  1262  0893                     	;# 
  1263  0893                     	;# 
  1264  0893                     	;# 
  1265  0893                     	;# 
  1266  0894                     	;# 
  1267  0894                     	;# 
  1268  0894                     	;# 
  1269  0895                     	;# 
  1270  0895                     	;# 
  1271  0895                     	;# 
  1272  0896                     	;# 
  1273  0896                     	;# 
  1274  0896                     	;# 
  1275  089B                     	;# 
  1276  0911                     	;# 
  1277  0912                     	;# 
  1278  0913                     	;# 
  1279  0914                     	;# 
  1280  0915                     	;# 
  1281  0916                     	;# 
  1282  0918                     	;# 
  1283  0919                     	;# 
  1284  091A                     	;# 
  1285  091B                     	;# 
  1286  091C                     	;# 
  1287  091D                     	;# 
  1288  091E                     	;# 
  1289  091F                     	;# 
  1290  0E0F                     	;# 
  1291  0E10                     	;# 
  1292  0E11                     	;# 
  1293  0E12                     	;# 
  1294  0E13                     	;# 
  1295  0E14                     	;# 
  1296  0E15                     	;# 
  1297  0E18                     	;# 
  1298  0E1A                     	;# 
  1299  0E1B                     	;# 
  1300  0E1C                     	;# 
  1301  0E20                     	;# 
  1302  0E21                     	;# 
  1303  0E22                     	;# 
  1304  0E24                     	;# 
  1305  0E25                     	;# 
  1306  0E28                     	;# 
  1307  0E29                     	;# 
  1308  0E2A                     	;# 
  1309  0E2B                     	;# 
  1310  0E90                     	;# 
  1311  0E91                     	;# 
  1312  0E92                     	;# 
  1313  0E94                     	;# 
  1314  0E95                     	;# 
  1315  0EA0                     	;# 
  1316  0EA1                     	;# 
  1317  0EA2                     	;# 
  1318  0EA3                     	;# 
  1319  0EA4                     	;# 
  1320  0EA5                     	;# 
  1321  0F0F                     	;# 
  1322  0F10                     	;# 
  1323  0F11                     	;# 
  1324  0F12                     	;# 
  1325  0F13                     	;# 
  1326  0F14                     	;# 
  1327  0F15                     	;# 
  1328  0F16                     	;# 
  1329  0F17                     	;# 
  1330  0F18                     	;# 
  1331  0F19                     	;# 
  1332  0F1A                     	;# 
  1333  0F1B                     	;# 
  1334  0F1C                     	;# 
  1335  0F1D                     	;# 
  1336  0F1E                     	;# 
  1337  0F1F                     	;# 
  1338  0F20                     	;# 
  1339  0F21                     	;# 
  1340  0F22                     	;# 
  1341  0F23                     	;# 
  1342  0FE4                     	;# 
  1343  0FE5                     	;# 
  1344  0FE6                     	;# 
  1345  0FE7                     	;# 
  1346  0FE8                     	;# 
  1347  0FE9                     	;# 
  1348  0FEA                     	;# 
  1349  0FEB                     	;# 
  1350  0FED                     	;# 
  1351  0FEE                     	;# 
  1352  0FEF                     	;# 
  1353  0097                     _WDTCON	set	151
  1354  009D                     _ADCON0bits	set	157
  1355  009D                     _ADCON0	set	157
  1356  009C                     _ADRESH	set	156
  1357  009B                     _ADRESL	set	155
  1358  009F                     _ADACT	set	159
  1359  009E                     _ADCON1	set	158
  1360  008E                     _TRISC	set	142
  1361  008C                     _TRISA	set	140
  1362  010E                     _LATC	set	270
  1363  010C                     _LATA	set	268
  1364  010E                     _LATCbits	set	270
  1365  018C                     _ANSELA	set	396
  1366  018E                     _ANSELC	set	398
  1367  020E                     _WPUC	set	526
  1368  020C                     _WPUA	set	524
  1369  028E                     _ODCONC	set	654
  1370  028C                     _ODCONA	set	652
  1371  030E                     _SLRCONC	set	782
  1372  030C                     _SLRCONA	set	780
  1373  038E                     _INLVLC	set	910
  1374  038C                     _INLVLA	set	908
  1375  0916                     _PMD5	set	2326
  1376  0915                     _PMD4	set	2325
  1377  0914                     _PMD3	set	2324
  1378  0913                     _PMD2	set	2323
  1379  0912                     _PMD1	set	2322
  1380  0911                     _PMD0	set	2321
  1381  091E                     _OSCTUNE	set	2334
  1382  091F                     _OSCFRQ	set	2335
  1383  091D                     _OSCEN	set	2333
  1384  091B                     _OSCCON3	set	2331
  1385  0919                     _OSCCON1	set	2329
  1386                           
  1387                           	psect	cinit
  1388  07FC                     start_initialization:	
  1389                           ; #config settings
  1390                           
  1391  07FC                     __initialization:
  1392                           
  1393                           ; Clear objects allocated to COMMON
  1394  07FC  01F0               	clrf	__pbssCOMMON& (0+127)
  1395  07FD  01F1               	clrf	(__pbssCOMMON+1)& (0+127)
  1396  07FE                     end_of_initialization:	
  1397                           ;End of C runtime variable initialization code
  1398                           
  1399  07FE                     __end_of__initialization:
  1400  07FE  0020               	movlb	0
  1401  07FF  2FDD               	ljmp	_main	;jump to C main() function
  1402                           
  1403                           	psect	bssCOMMON
  1404  0070                     __pbssCOMMON:
  1405  0070                     _ADC_InterruptHandler:
  1406  0070                     	ds	2
  1407                           
  1408                           	psect	cstackCOMMON
  1409  0072                     __pcstackCOMMON:
  1410  0072                     ?_SYSTEM_Initialize:
  1411  0072                     ??_SYSTEM_Initialize:	
  1412                           ; 1 bytes @ 0x0
  1413                           
  1414  0072                     ?_PMD_Initialize:	
  1415                           ; 1 bytes @ 0x0
  1416                           
  1417  0072                     ??_PMD_Initialize:	
  1418                           ; 1 bytes @ 0x0
  1419                           
  1420  0072                     ?_OSCILLATOR_Initialize:	
  1421                           ; 1 bytes @ 0x0
  1422                           
  1423  0072                     ??_OSCILLATOR_Initialize:	
  1424                           ; 1 bytes @ 0x0
  1425                           
  1426  0072                     ?_WDT_Initialize:	
  1427                           ; 1 bytes @ 0x0
  1428                           
  1429  0072                     ??_WDT_Initialize:	
  1430                           ; 1 bytes @ 0x0
  1431                           
  1432  0072                     ??_main:	
  1433                           ; 1 bytes @ 0x0
  1434                           
  1435  0072                     ?_PIN_MANAGER_Initialize:	
  1436                           ; 1 bytes @ 0x0
  1437                           
  1438  0072                     ??_PIN_MANAGER_Initialize:	
  1439                           ; 1 bytes @ 0x0
  1440                           
  1441  0072                     ?_ADC_Initialize:	
  1442                           ; 1 bytes @ 0x0
  1443                           
  1444  0072                     ??_ADC_Initialize:	
  1445                           ; 1 bytes @ 0x0
  1446                           
  1447  0072                     ?_main:	
  1448                           ; 1 bytes @ 0x0
  1449                           
  1450                           
  1451                           ; 2 bytes @ 0x0
  1452  0072                     	ds	2
  1453                           
  1454                           	psect	maintext
  1455  07DD                     __pmaintext:	
  1456 ;;
  1457 ;;Main: autosize = 0, tempsize = 2, incstack = 0, save=0
  1458 ;;
  1459 ;; *************** function _main *****************
  1460 ;; Defined at:
  1461 ;;		line 50 in file "main.c"
  1462 ;; Parameters:    Size  Location     Type
  1463 ;;		None
  1464 ;; Auto vars:     Size  Location     Type
  1465 ;;  j               2    0        int 
  1466 ;; Return value:  Size  Location     Type
  1467 ;;                  2   10[None  ] int 
  1468 ;; Registers used:
  1469 ;;		wreg, status,2, status,0, pclath, cstack
  1470 ;; Tracked objects:
  1471 ;;		On entry : B1F/0
  1472 ;;		On exit  : 0/0
  1473 ;;		Unchanged: 0/0
  1474 ;; Data sizes:     COMMON   BANK0   BANK1   BANK2
  1475 ;;      Params:         0       0       0       0
  1476 ;;      Locals:         0       0       0       0
  1477 ;;      Temps:          2       0       0       0
  1478 ;;      Totals:         2       0       0       0
  1479 ;;Total ram usage:        2 bytes
  1480 ;; Hardware stack levels required when called: 2
  1481 ;; This function calls:
  1482 ;;		_SYSTEM_Initialize
  1483 ;; This function is called by:
  1484 ;;		Startup code after reset
  1485 ;; This function uses a non-reentrant model
  1486 ;;
  1487                           
  1488  07DD                     _main:	
  1489                           ;psect for function _main
  1490                           
  1491  07DD                     l788:	
  1492                           ;incstack = 0
  1493                           ; Regs used in _main: [wreg+status,2+status,0+pclath+cstack]
  1494                           
  1495                           
  1496                           ;main.c: 53:     SYSTEM_Initialize();
  1497  07DD  3187  27AF  3187   	fcall	_SYSTEM_Initialize
  1498  07E0                     l790:
  1499  07E0                     l792:
  1500                           
  1501                           ;main.c: 74:         _delay((unsigned long)((3000)*(1000000/4000.0)));
  1502  07E0  3004               	movlw	4
  1503  07E1  00F3               	movwf	??_main+1
  1504  07E2  30CF               	movlw	207
  1505  07E3  00F2               	movwf	??_main
  1506  07E4  3002               	movlw	2
  1507  07E5                     u27:
  1508  07E5  0B89               	decfsz	9,f
  1509  07E6  2FE5               	goto	u27
  1510  07E7  0BF2               	decfsz	??_main,f
  1511  07E8  2FE5               	goto	u27
  1512  07E9  0BF3               	decfsz	??_main+1,f
  1513  07EA  2FE5               	goto	u27
  1514  07EB                     l794:
  1515                           
  1516                           ;main.c: 78:        LATCbits.LATC5 ^= 1;
  1517  07EB  0022               	movlb	2	; select bank2
  1518  07EC  0E0E               	swapf	14,w	;volatile
  1519  07ED  00F2               	movwf	??_main
  1520  07EE  0C72               	rrf	??_main,w
  1521  07EF  3901               	andlw	1
  1522  07F0  00F2               	movwf	??_main
  1523  07F1  3001               	movlw	1
  1524  07F2  06F2               	xorwf	??_main,f
  1525  07F3  0EF2               	swapf	??_main,f
  1526  07F4  0DF2               	rlf	??_main,f
  1527  07F5  080E               	movf	14,w	;volatile
  1528  07F6  0672               	xorwf	??_main,w
  1529  07F7  39DF               	andlw	-33
  1530  07F8  0672               	xorwf	??_main,w
  1531  07F9  008E               	movwf	14	;volatile
  1532  07FA  2FE0               	goto	l790
  1533  07FB  2801               	ljmp	start
  1534  07FC                     __end_of_main:
  1535                           
  1536                           	psect	text1
  1537  07AF                     __ptext1:	
  1538 ;; *************** function _SYSTEM_Initialize *****************
  1539 ;; Defined at:
  1540 ;;		line 50 in file "mcc_generated_files/mcc.c"
  1541 ;; Parameters:    Size  Location     Type
  1542 ;;		None
  1543 ;; Auto vars:     Size  Location     Type
  1544 ;;		None
  1545 ;; Return value:  Size  Location     Type
  1546 ;;                  1    wreg      void 
  1547 ;; Registers used:
  1548 ;;		wreg, status,2, status,0, pclath, cstack
  1549 ;; Tracked objects:
  1550 ;;		On entry : 0/0
  1551 ;;		On exit  : 0/0
  1552 ;;		Unchanged: 0/0
  1553 ;; Data sizes:     COMMON   BANK0   BANK1   BANK2
  1554 ;;      Params:         0       0       0       0
  1555 ;;      Locals:         0       0       0       0
  1556 ;;      Temps:          0       0       0       0
  1557 ;;      Totals:         0       0       0       0
  1558 ;;Total ram usage:        0 bytes
  1559 ;; Hardware stack levels used: 1
  1560 ;; Hardware stack levels required when called: 1
  1561 ;; This function calls:
  1562 ;;		_ADC_Initialize
  1563 ;;		_OSCILLATOR_Initialize
  1564 ;;		_PIN_MANAGER_Initialize
  1565 ;;		_PMD_Initialize
  1566 ;;		_WDT_Initialize
  1567 ;; This function is called by:
  1568 ;;		_main
  1569 ;; This function uses a non-reentrant model
  1570 ;;
  1571                           
  1572  07AF                     _SYSTEM_Initialize:	
  1573                           ;psect for function _SYSTEM_Initialize
  1574                           
  1575  07AF                     l778:	
  1576                           ;incstack = 0
  1577                           ; Regs used in _SYSTEM_Initialize: [wreg+status,2+status,0+pclath+cstack]
  1578                           
  1579                           
  1580                           ;mcc_generated_files/mcc.c: 53:     PMD_Initialize();
  1581  07AF  3187  279E  3187   	fcall	_PMD_Initialize
  1582  07B2                     l780:
  1583                           
  1584                           ;mcc_generated_files/mcc.c: 54:     PIN_MANAGER_Initialize();
  1585  07B2  3187  27BF  3187   	fcall	_PIN_MANAGER_Initialize
  1586  07B5                     l782:
  1587                           
  1588                           ;mcc_generated_files/mcc.c: 55:     OSCILLATOR_Initialize();
  1589  07B5  3187  27A6  3187   	fcall	_OSCILLATOR_Initialize
  1590  07B8                     l784:
  1591                           
  1592                           ;mcc_generated_files/mcc.c: 56:     WDT_Initialize();
  1593  07B8  3187  2792  3187   	fcall	_WDT_Initialize
  1594  07BB                     l786:
  1595                           
  1596                           ;mcc_generated_files/mcc.c: 57:     ADC_Initialize();
  1597  07BB  3187  2796  3187   	fcall	_ADC_Initialize
  1598  07BE                     l125:
  1599  07BE  0008               	return
  1600  07BF                     __end_of_SYSTEM_Initialize:
  1601                           
  1602                           	psect	text2
  1603  0792                     __ptext2:	
  1604 ;; *************** function _WDT_Initialize *****************
  1605 ;; Defined at:
  1606 ;;		line 74 in file "mcc_generated_files/mcc.c"
  1607 ;; Parameters:    Size  Location     Type
  1608 ;;		None
  1609 ;; Auto vars:     Size  Location     Type
  1610 ;;		None
  1611 ;; Return value:  Size  Location     Type
  1612 ;;                  1    wreg      void 
  1613 ;; Registers used:
  1614 ;;		wreg
  1615 ;; Tracked objects:
  1616 ;;		On entry : 0/0
  1617 ;;		On exit  : 0/0
  1618 ;;		Unchanged: 0/0
  1619 ;; Data sizes:     COMMON   BANK0   BANK1   BANK2
  1620 ;;      Params:         0       0       0       0
  1621 ;;      Locals:         0       0       0       0
  1622 ;;      Temps:          0       0       0       0
  1623 ;;      Totals:         0       0       0       0
  1624 ;;Total ram usage:        0 bytes
  1625 ;; Hardware stack levels used: 1
  1626 ;; This function calls:
  1627 ;;		Nothing
  1628 ;; This function is called by:
  1629 ;;		_SYSTEM_Initialize
  1630 ;; This function uses a non-reentrant model
  1631 ;;
  1632                           
  1633  0792                     _WDT_Initialize:	
  1634                           ;psect for function _WDT_Initialize
  1635                           
  1636  0792                     l776:	
  1637                           ;incstack = 0
  1638                           ; Regs used in _WDT_Initialize: [wreg]
  1639                           
  1640                           
  1641                           ;mcc_generated_files/mcc.c: 77:     WDTCON = 0x16;
  1642  0792  3016               	movlw	22
  1643  0793  0021               	movlb	1	; select bank1
  1644  0794  0097               	movwf	23	;volatile
  1645  0795                     l131:
  1646  0795  0008               	return
  1647  0796                     __end_of_WDT_Initialize:
  1648                           
  1649                           	psect	text3
  1650  079E                     __ptext3:	
  1651 ;; *************** function _PMD_Initialize *****************
  1652 ;; Defined at:
  1653 ;;		line 80 in file "mcc_generated_files/mcc.c"
  1654 ;; Parameters:    Size  Location     Type
  1655 ;;		None
  1656 ;; Auto vars:     Size  Location     Type
  1657 ;;		None
  1658 ;; Return value:  Size  Location     Type
  1659 ;;                  1    wreg      void 
  1660 ;; Registers used:
  1661 ;;		status,2
  1662 ;; Tracked objects:
  1663 ;;		On entry : 0/0
  1664 ;;		On exit  : 0/0
  1665 ;;		Unchanged: 0/0
  1666 ;; Data sizes:     COMMON   BANK0   BANK1   BANK2
  1667 ;;      Params:         0       0       0       0
  1668 ;;      Locals:         0       0       0       0
  1669 ;;      Temps:          0       0       0       0
  1670 ;;      Totals:         0       0       0       0
  1671 ;;Total ram usage:        0 bytes
  1672 ;; Hardware stack levels used: 1
  1673 ;; This function calls:
  1674 ;;		Nothing
  1675 ;; This function is called by:
  1676 ;;		_SYSTEM_Initialize
  1677 ;; This function uses a non-reentrant model
  1678 ;;
  1679                           
  1680  079E                     _PMD_Initialize:	
  1681                           ;psect for function _PMD_Initialize
  1682                           
  1683  079E                     l766:	
  1684                           ;incstack = 0
  1685                           ; Regs used in _PMD_Initialize: [status,2]
  1686                           
  1687                           
  1688                           ;mcc_generated_files/mcc.c: 83:     PMD0 = 0x00;
  1689  079E  0032               	movlb	18	; select bank18
  1690  079F  0191               	clrf	17	;volatile
  1691                           
  1692                           ;mcc_generated_files/mcc.c: 85:     PMD1 = 0x00;
  1693  07A0  0192               	clrf	18	;volatile
  1694                           
  1695                           ;mcc_generated_files/mcc.c: 87:     PMD2 = 0x00;
  1696  07A1  0193               	clrf	19	;volatile
  1697                           
  1698                           ;mcc_generated_files/mcc.c: 89:     PMD3 = 0x00;
  1699  07A2  0194               	clrf	20	;volatile
  1700                           
  1701                           ;mcc_generated_files/mcc.c: 91:     PMD4 = 0x00;
  1702  07A3  0195               	clrf	21	;volatile
  1703                           
  1704                           ;mcc_generated_files/mcc.c: 93:     PMD5 = 0x00;
  1705  07A4  0196               	clrf	22	;volatile
  1706  07A5                     l134:
  1707  07A5  0008               	return
  1708  07A6                     __end_of_PMD_Initialize:
  1709                           
  1710                           	psect	text4
  1711  07BF                     __ptext4:	
  1712 ;; *************** function _PIN_MANAGER_Initialize *****************
  1713 ;; Defined at:
  1714 ;;		line 55 in file "mcc_generated_files/pin_manager.c"
  1715 ;; Parameters:    Size  Location     Type
  1716 ;;		None
  1717 ;; Auto vars:     Size  Location     Type
  1718 ;;		None
  1719 ;; Return value:  Size  Location     Type
  1720 ;;                  1    wreg      void 
  1721 ;; Registers used:
  1722 ;;		wreg, status,2
  1723 ;; Tracked objects:
  1724 ;;		On entry : 0/0
  1725 ;;		On exit  : 0/0
  1726 ;;		Unchanged: 0/0
  1727 ;; Data sizes:     COMMON   BANK0   BANK1   BANK2
  1728 ;;      Params:         0       0       0       0
  1729 ;;      Locals:         0       0       0       0
  1730 ;;      Temps:          0       0       0       0
  1731 ;;      Totals:         0       0       0       0
  1732 ;;Total ram usage:        0 bytes
  1733 ;; Hardware stack levels used: 1
  1734 ;; This function calls:
  1735 ;;		Nothing
  1736 ;; This function is called by:
  1737 ;;		_SYSTEM_Initialize
  1738 ;; This function uses a non-reentrant model
  1739 ;;
  1740                           
  1741  07BF                     _PIN_MANAGER_Initialize:	
  1742                           ;psect for function _PIN_MANAGER_Initialize
  1743                           
  1744  07BF                     l744:	
  1745                           ;incstack = 0
  1746                           ; Regs used in _PIN_MANAGER_Initialize: [wreg+status,2]
  1747                           
  1748                           
  1749                           ;mcc_generated_files/pin_manager.c: 60:     LATA = 0x00;
  1750  07BF  0022               	movlb	2	; select bank2
  1751  07C0  018C               	clrf	12	;volatile
  1752                           
  1753                           ;mcc_generated_files/pin_manager.c: 61:     LATC = 0x00;
  1754  07C1  018E               	clrf	14	;volatile
  1755  07C2                     l746:
  1756                           
  1757                           ;mcc_generated_files/pin_manager.c: 66:     TRISA = 0x17;
  1758  07C2  3017               	movlw	23
  1759  07C3  0021               	movlb	1	; select bank1
  1760  07C4  008C               	movwf	12	;volatile
  1761  07C5                     l748:
  1762                           
  1763                           ;mcc_generated_files/pin_manager.c: 67:     TRISC = 0x1F;
  1764  07C5  301F               	movlw	31
  1765  07C6  008E               	movwf	14	;volatile
  1766  07C7                     l750:
  1767                           
  1768                           ;mcc_generated_files/pin_manager.c: 72:     ANSELC = 0x0F;
  1769  07C7  300F               	movlw	15
  1770  07C8  0023               	movlb	3	; select bank3
  1771  07C9  008E               	movwf	14	;volatile
  1772  07CA                     l752:
  1773                           
  1774                           ;mcc_generated_files/pin_manager.c: 73:     ANSELA = 0x17;
  1775  07CA  3017               	movlw	23
  1776  07CB  008C               	movwf	12	;volatile
  1777                           
  1778                           ;mcc_generated_files/pin_manager.c: 78:     WPUA = 0x00;
  1779  07CC  0024               	movlb	4	; select bank4
  1780  07CD  018C               	clrf	12	;volatile
  1781                           
  1782                           ;mcc_generated_files/pin_manager.c: 79:     WPUC = 0x00;
  1783  07CE  018E               	clrf	14	;volatile
  1784                           
  1785                           ;mcc_generated_files/pin_manager.c: 84:     ODCONA = 0x00;
  1786  07CF  0025               	movlb	5	; select bank5
  1787  07D0  018C               	clrf	12	;volatile
  1788                           
  1789                           ;mcc_generated_files/pin_manager.c: 85:     ODCONC = 0x00;
  1790  07D1  018E               	clrf	14	;volatile
  1791  07D2                     l754:
  1792                           
  1793                           ;mcc_generated_files/pin_manager.c: 90:     SLRCONA = 0x37;
  1794  07D2  3037               	movlw	55
  1795  07D3  0026               	movlb	6	; select bank6
  1796  07D4  008C               	movwf	12	;volatile
  1797  07D5                     l756:
  1798                           
  1799                           ;mcc_generated_files/pin_manager.c: 91:     SLRCONC = 0x3F;
  1800  07D5  303F               	movlw	63
  1801  07D6  008E               	movwf	14	;volatile
  1802  07D7                     l758:
  1803                           
  1804                           ;mcc_generated_files/pin_manager.c: 96:     INLVLA = 0x3F;
  1805  07D7  303F               	movlw	63
  1806  07D8  0027               	movlb	7	; select bank7
  1807  07D9  008C               	movwf	12	;volatile
  1808  07DA                     l760:
  1809                           
  1810                           ;mcc_generated_files/pin_manager.c: 97:     INLVLC = 0x3F;
  1811  07DA  303F               	movlw	63
  1812  07DB  008E               	movwf	14	;volatile
  1813  07DC                     l45:
  1814  07DC  0008               	return
  1815  07DD                     __end_of_PIN_MANAGER_Initialize:
  1816                           
  1817                           	psect	text5
  1818  07A6                     __ptext5:	
  1819 ;; *************** function _OSCILLATOR_Initialize *****************
  1820 ;; Defined at:
  1821 ;;		line 60 in file "mcc_generated_files/mcc.c"
  1822 ;; Parameters:    Size  Location     Type
  1823 ;;		None
  1824 ;; Auto vars:     Size  Location     Type
  1825 ;;		None
  1826 ;; Return value:  Size  Location     Type
  1827 ;;                  1    wreg      void 
  1828 ;; Registers used:
  1829 ;;		wreg, status,2
  1830 ;; Tracked objects:
  1831 ;;		On entry : 0/0
  1832 ;;		On exit  : 0/0
  1833 ;;		Unchanged: 0/0
  1834 ;; Data sizes:     COMMON   BANK0   BANK1   BANK2
  1835 ;;      Params:         0       0       0       0
  1836 ;;      Locals:         0       0       0       0
  1837 ;;      Temps:          0       0       0       0
  1838 ;;      Totals:         0       0       0       0
  1839 ;;Total ram usage:        0 bytes
  1840 ;; Hardware stack levels used: 1
  1841 ;; This function calls:
  1842 ;;		Nothing
  1843 ;; This function is called by:
  1844 ;;		_SYSTEM_Initialize
  1845 ;; This function uses a non-reentrant model
  1846 ;;
  1847                           
  1848  07A6                     _OSCILLATOR_Initialize:	
  1849                           ;psect for function _OSCILLATOR_Initialize
  1850                           
  1851  07A6                     l768:	
  1852                           ;incstack = 0
  1853                           ; Regs used in _OSCILLATOR_Initialize: [wreg+status,2]
  1854                           
  1855                           
  1856                           ;mcc_generated_files/mcc.c: 63:     OSCCON1 = 0x62;
  1857  07A6  3062               	movlw	98
  1858  07A7  0032               	movlb	18	; select bank18
  1859  07A8  0099               	movwf	25	;volatile
  1860  07A9                     l770:
  1861                           
  1862                           ;mcc_generated_files/mcc.c: 65:     OSCCON3 = 0x00;
  1863  07A9  019B               	clrf	27	;volatile
  1864  07AA                     l772:
  1865                           
  1866                           ;mcc_generated_files/mcc.c: 67:     OSCEN = 0x00;
  1867  07AA  019D               	clrf	29	;volatile
  1868                           
  1869                           ;mcc_generated_files/mcc.c: 69:     OSCFRQ = 0x03;
  1870  07AB  3003               	movlw	3
  1871  07AC  009F               	movwf	31	;volatile
  1872  07AD                     l774:
  1873                           
  1874                           ;mcc_generated_files/mcc.c: 71:     OSCTUNE = 0x00;
  1875  07AD  019E               	clrf	30	;volatile
  1876  07AE                     l128:
  1877  07AE  0008               	return
  1878  07AF                     __end_of_OSCILLATOR_Initialize:
  1879                           
  1880                           	psect	text6
  1881  0796                     __ptext6:	
  1882 ;; *************** function _ADC_Initialize *****************
  1883 ;; Defined at:
  1884 ;;		line 67 in file "mcc_generated_files/adc.c"
  1885 ;; Parameters:    Size  Location     Type
  1886 ;;		None
  1887 ;; Auto vars:     Size  Location     Type
  1888 ;;		None
  1889 ;; Return value:  Size  Location     Type
  1890 ;;                  1    wreg      void 
  1891 ;; Registers used:
  1892 ;;		wreg, status,2
  1893 ;; Tracked objects:
  1894 ;;		On entry : 0/0
  1895 ;;		On exit  : 0/0
  1896 ;;		Unchanged: 0/0
  1897 ;; Data sizes:     COMMON   BANK0   BANK1   BANK2
  1898 ;;      Params:         0       0       0       0
  1899 ;;      Locals:         0       0       0       0
  1900 ;;      Temps:          0       0       0       0
  1901 ;;      Totals:         0       0       0       0
  1902 ;;Total ram usage:        0 bytes
  1903 ;; Hardware stack levels used: 1
  1904 ;; This function calls:
  1905 ;;		Nothing
  1906 ;; This function is called by:
  1907 ;;		_SYSTEM_Initialize
  1908 ;; This function uses a non-reentrant model
  1909 ;;
  1910                           
  1911  0796                     _ADC_Initialize:	
  1912                           ;psect for function _ADC_Initialize
  1913                           
  1914  0796                     l762:	
  1915                           ;incstack = 0
  1916                           ; Regs used in _ADC_Initialize: [wreg+status,2]
  1917                           
  1918                           
  1919                           ;mcc_generated_files/adc.c: 72:     ADCON1 = 0x00;
  1920  0796  0021               	movlb	1	; select bank1
  1921  0797  019E               	clrf	30	;volatile
  1922                           
  1923                           ;mcc_generated_files/adc.c: 75:     ADACT = 0x00;
  1924  0798  019F               	clrf	31	;volatile
  1925                           
  1926                           ;mcc_generated_files/adc.c: 78:     ADRESL = 0x00;
  1927  0799  019B               	clrf	27	;volatile
  1928                           
  1929                           ;mcc_generated_files/adc.c: 81:     ADRESH = 0x00;
  1930  079A  019C               	clrf	28	;volatile
  1931  079B                     l764:
  1932                           
  1933                           ;mcc_generated_files/adc.c: 84:     ADCON0 = 0x01;
  1934  079B  3001               	movlw	1
  1935  079C  009D               	movwf	29	;volatile
  1936  079D                     l67:
  1937  079D  0008               	return
  1938  079E                     __end_of_ADC_Initialize:
  1939  007E                     btemp	set	126	;btemp
  1940  007E                     wtemp0	set	126
  1941                           
  1942                           	psect	idloc
  1943                           
  1944                           ;Config register IDLOC0 @ 0x8000
  1945                           ;	unspecified, using default values
  1946  8000                     	org	32768
  1947  8000  3FFF               	dw	16383
  1948                           
  1949                           ;Config register IDLOC1 @ 0x8001
  1950                           ;	unspecified, using default values
  1951  8001                     	org	32769
  1952  8001  3FFF               	dw	16383
  1953                           
  1954                           ;Config register IDLOC2 @ 0x8002
  1955                           ;	unspecified, using default values
  1956  8002                     	org	32770
  1957  8002  3FFF               	dw	16383
  1958                           
  1959                           ;Config register IDLOC3 @ 0x8003
  1960                           ;	unspecified, using default values
  1961  8003                     	org	32771
  1962  8003  3FFF               	dw	16383
  1963                           
  1964                           	psect	config
  1965                           
  1966                           ;Config register CONFIG1 @ 0x8007
  1967                           ;	FEXTOSC External Oscillator mode Selection bits
  1968                           ;	FEXTOSC = OFF, Oscillator not enabled
  1969                           ;	Power-up default value for COSC bits
  1970                           ;	RSTOSC = HFINT1, HFINTOSC (1MHz)
  1971                           ;	Clock Out Enable bit
  1972                           ;	CLKOUTEN = OFF, CLKOUT function is disabled; I/O or oscillator function on OSC2
  1973                           ;	Clock Switch Enable bit
  1974                           ;	CSWEN = ON, Writing to NOSC and NDIV is allowed
  1975                           ;	Fail-Safe Clock Monitor Enable
  1976                           ;	FCMEN = ON, Fail-Safe Clock Monitor is enabled
  1977  8007                     	org	32775
  1978  8007  3FEC               	dw	16364
  1979                           
  1980                           ;Config register CONFIG2 @ 0x8008
  1981                           ;	Master Clear Enable bit
  1982                           ;	MCLRE = ON, MCLR/VPP pin function is MCLR; Weak pull-up enabled
  1983                           ;	Power-up Timer Enable bit
  1984                           ;	PWRTE = OFF, PWRT disabled
  1985                           ;	Watchdog Timer Enable bits
  1986                           ;	WDTE = OFF, WDT disabled; SWDTEN is ignored
  1987                           ;	Low-power BOR enable bit
  1988                           ;	LPBOREN = OFF, ULPBOR disabled
  1989                           ;	Brown-out Reset Enable bits
  1990                           ;	BOREN = ON, Brown-out Reset enabled, SBOREN bit ignored
  1991                           ;	Brown-out Reset Voltage selection bit
  1992                           ;	BORV = LOW, Brown-out voltage (Vbor) set to 2.45V
  1993                           ;	PPSLOCK bit One-Way Set Enable bit
  1994                           ;	PPS1WAY = ON, The PPSLOCK bit can be cleared and set only once; PPS registers remain l
      +                          ocked after one clear/set cycle
  1995                           ;	Stack Overflow/Underflow Reset Enable bit
  1996                           ;	STVREN = ON, Stack Overflow or Underflow will cause a Reset
  1997                           ;	Debugger enable bit
  1998                           ;	DEBUG = OFF, Background debugger disabled
  1999  8008                     	org	32776
  2000  8008  3FF3               	dw	16371
  2001                           
  2002                           ;Config register CONFIG3 @ 0x8009
  2003                           ;	User NVM self-write protection bits
  2004                           ;	WRT = OFF, Write protection off
  2005                           ;	Low Voltage Programming Enable bit
  2006                           ;	LVP = ON, Low Voltage programming enabled. MCLR/VPP pin function is MCLR. MCLRE config
      +                          uration bit is ignored.
  2007  8009                     	org	32777
  2008  8009  3FFF               	dw	16383
  2009                           
  2010                           ;Config register CONFIG4 @ 0x800A
  2011                           ;	User NVM Program Memory Code Protection bit
  2012                           ;	CP = OFF, User NVM code protection disabled
  2013                           ;	Data NVM Memory Code Protection bit
  2014                           ;	CPD = OFF, Data NVM code protection disabled
  2015  800A                     	org	32778
  2016  800A  3FFF               	dw	16383

Data Sizes:
    Strings     0
    Constant    0
    Data        0
    BSS         2
    Persistent  32
    Stack       0

Auto Spaces:
    Space          Size  Autos    Used
    COMMON           14      2       4
    BANK0            80      0       0
    BANK1            80      0       0
    BANK2            80      0       0

Pointer List with Targets:

    ADC_InterruptHandler	PTR FTN()void  size(2) Largest target is 1
		 -> Absolute function(), 


Critical Paths under _main in COMMON

    None.

Critical Paths under _main in BANK0

    None.

Critical Paths under _main in BANK1

    None.

Critical Paths under _main in BANK2

    None.

Call Graph Tables:

 ---------------------------------------------------------------------------------
 (Depth) Function   	        Calls       Base Space   Used Autos Params    Refs
 ---------------------------------------------------------------------------------
 (0) _main                                                 4     4      0       0
                                              0 COMMON     2     2      0
                  _SYSTEM_Initialize
 ---------------------------------------------------------------------------------
 (1) _SYSTEM_Initialize                                    0     0      0       0
                     _ADC_Initialize
              _OSCILLATOR_Initialize
             _PIN_MANAGER_Initialize
                     _PMD_Initialize
                     _WDT_Initialize
 ---------------------------------------------------------------------------------
 (2) _WDT_Initialize                                       0     0      0       0
 ---------------------------------------------------------------------------------
 (2) _PMD_Initialize                                       0     0      0       0
 ---------------------------------------------------------------------------------
 (2) _PIN_MANAGER_Initialize                               0     0      0       0
 ---------------------------------------------------------------------------------
 (2) _OSCILLATOR_Initialize                                0     0      0       0
 ---------------------------------------------------------------------------------
 (2) _ADC_Initialize                                       0     0      0       0
 ---------------------------------------------------------------------------------
 Estimated maximum stack depth 2
 ---------------------------------------------------------------------------------

 Call Graph Graphs:

 _main (ROOT)
   _SYSTEM_Initialize
     _ADC_Initialize
     _OSCILLATOR_Initialize
     _PIN_MANAGER_Initialize
     _PMD_Initialize
     _WDT_Initialize

 Address spaces:
Name               Size   Autos  Total    Cost      Usage
BIGRAM              F0      0       0       0        0.0%
EEDATA             100      0       0       0        0.0%
NULL                 0      0       0       0        0.0%
CODE                 0      0       0       0        0.0%
BITCOMMON            E      0       0       1        0.0%
BITSFR0              0      0       0       1        0.0%
SFR0                 0      0       0       1        0.0%
COMMON               E      2       4       2       28.6%
BITSFR1              0      0       0       2        0.0%
SFR1                 0      0       0       2        0.0%
BITSFR2              0      0       0       3        0.0%
SFR2                 0      0       0       3        0.0%
STACK                0      0       0       3        0.0%
BITSFR3              0      0       0       4        0.0%
SFR3                 0      0       0       4        0.0%
ABS                  0      0       4       4        0.0%
BITBANK0            50      0       0       5        0.0%
BITSFR4              0      0       0       5        0.0%
SFR4                 0      0       0       5        0.0%
BANK0               50      0       0       6        0.0%
BITSFR5              0      0       0       6        0.0%
SFR5                 0      0       0       6        0.0%
BITBANK1            50      0       0       7        0.0%
BITSFR6              0      0       0       7        0.0%
SFR6                 0      0       0       7        0.0%
BANK1               50      0       0       8        0.0%
BITSFR7              0      0       0       8        0.0%
SFR7                 0      0       0       8        0.0%
BITBANK2            50      0       0       9        0.0%
BITSFR8              0      0       0       9        0.0%
SFR8                 0      0       0       9        0.0%
BANK2               50      0       0      10        0.0%
BITSFR9              0      0       0      10        0.0%
SFR9                 0      0       0      10        0.0%
BITSFR10             0      0       0      11        0.0%
SFR10                0      0       0      11        0.0%
DATA                 0      0       4      11        0.0%
BITSFR11             0      0       0      12        0.0%
SFR11                0      0       0      12        0.0%
BITSFR12             0      0       0      13        0.0%
SFR12                0      0       0      13        0.0%
BITSFR13             0      0       0      14        0.0%
SFR13                0      0       0      14        0.0%
BITSFR14             0      0       0      15        0.0%
SFR14                0      0       0      15        0.0%
BITSFR15             0      0       0      16        0.0%
SFR15                0      0       0      16        0.0%
BITSFR16             0      0       0      17        0.0%
SFR16                0      0       0      17        0.0%
BITSFR17             0      0       0      18        0.0%
SFR17                0      0       0      18        0.0%
BITSFR18             0      0       0      19        0.0%
SFR18                0      0       0      19        0.0%
BITSFR19             0      0       0      20        0.0%
SFR19                0      0       0      20        0.0%
BITSFR20             0      0       0      21        0.0%
SFR20                0      0       0      21        0.0%
BITSFR21             0      0       0      22        0.0%
SFR21                0      0       0      22        0.0%
BITSFR22             0      0       0      23        0.0%
SFR22                0      0       0      23        0.0%
BITSFR23             0      0       0      24        0.0%
SFR23                0      0       0      24        0.0%
BITSFR24             0      0       0      25        0.0%
SFR24                0      0       0      25        0.0%
BITSFR25             0      0       0      26        0.0%
SFR25                0      0       0      26        0.0%
BITSFR26             0      0       0      27        0.0%
SFR26                0      0       0      27        0.0%
BITSFR27             0      0       0      28        0.0%
SFR27                0      0       0      28        0.0%
BITSFR28             0      0       0      29        0.0%
SFR28                0      0       0      29        0.0%
BITSFR29             0      0       0      30        0.0%
SFR29                0      0       0      30        0.0%
BITSFR30             0      0       0      31        0.0%
SFR30                0      0       0      31        0.0%
BITSFR31             0      0       0      32        0.0%
SFR31                0      0       0      32        0.0%


Microchip Technology PIC Macro Assembler V2.36 build 20220127204148 
Symbol Table                                                                                   Sat Apr 30 14:32:46 2022

                            l45 07DC                              l67 079D                              u27 07E5  
                           l131 0795                             l125 07BE                             l134 07A5  
                           l128 07AE                             l750 07C7                             l760 07DA  
                           l752 07CA                             l744 07BF                             l762 0796  
                           l770 07A9                             l754 07D2                             l746 07C2  
                           l764 079B                             l772 07AA                             l756 07D5  
                           l748 07C5                             l780 07B2                             l774 07AD  
                           l758 07D7                             l766 079E                             l782 07B5  
                           l790 07E0                             l768 07A6                             l776 0792  
                           l784 07B8                             l792 07E0                             l786 07BB  
                           l778 07AF                             l794 07EB                             l788 07DD  
                           wreg 0009                            _LATA 010C                            _LATC 010E  
                          _PMD0 0911                            _PMD1 0912                            _PMD2 0913  
                          _PMD3 0914                            _PMD4 0915                            _PMD5 0916  
                          _WPUA 020C                            _WPUC 020E                            _main 07DD  
                          btemp 007E                            start 0001   __end_of_OSCILLATOR_Initialize 07AF  
                         _ADACT 009F                           ?_main 0072                           _OSCEN 091D  
                         _TRISA 008C                           _TRISC 008E                  _WDT_Initialize 0792  
                         wtemp0 007E                 __initialization 07FC                    __end_of_main 07FC  
                        ??_main 0072          __end_of_WDT_Initialize 0796                          _ADCON0 009D  
                        _ADCON1 009E                          _ADRESH 009C                          _ADRESL 009B  
                        _ANSELA 018C                          _ANSELC 018E                          _ODCONA 028C  
                        _ODCONC 028E                          _INLVLA 038C                          _INLVLC 038E  
                        _OSCFRQ 091F                          _WDTCON 0097                  _PMD_Initialize 079E  
               ?_WDT_Initialize 0072               _SYSTEM_Initialize 07AF         __end_of__initialization 07FE  
            ?_SYSTEM_Initialize 0072                  __pcstackCOMMON 0072             ??_SYSTEM_Initialize 0072  
        __end_of_PMD_Initialize 07A6       __end_of_SYSTEM_Initialize 07BF                      __pmaintext 07DD  
               ?_PMD_Initialize 0072                         _OSCCON1 0919                         _OSCCON3 091B  
                       _OSCTUNE 091E                         _SLRCONA 030C                         _SLRCONC 030E  
          _ADC_InterruptHandler 0070                         __ptext1 07AF                         __ptext2 0792  
                       __ptext3 079E                         __ptext4 07BF                         __ptext5 07A6  
                       __ptext6 0796           _OSCILLATOR_Initialize 07A6        ??_PIN_MANAGER_Initialize 0072  
          end_of_initialization 07FE                ??_WDT_Initialize 0072                  _ADC_Initialize 0796  
        ?_OSCILLATOR_Initialize 0072             start_initialization 07FC                ??_PMD_Initialize 0072  
        __end_of_ADC_Initialize 079E                     __pbssCOMMON 0070                       ___latbits 0000  
        _PIN_MANAGER_Initialize 07BF                 ?_ADC_Initialize 0072                        _LATCbits 010E  
                    _ADCON0bits 009D         ??_OSCILLATOR_Initialize 0072         ?_PIN_MANAGER_Initialize 0072  
              ??_ADC_Initialize 0072  __end_of_PIN_MANAGER_Initialize 07DD  
